Arguments: 
  /usr/local/Cellar/node/9.11.1/bin/node /usr/local/bin/yarn add capcha

PATH: 
  /usr/local/bin:/usr/bin:/bin:/usr/sbin:/sbin:/usr/local/go/bin

Yarn version: 
  1.6.0

Node version: 
  9.11.1

Platform: 
  darwin x64

Trace: 
  Error: https://registry.yarnpkg.com/capcha: Not found
      at Request.params.callback [as _callback] (/usr/local/lib/node_modules/yarn/lib/cli.js:65327:18)
      at Request.self.callback (/usr/local/lib/node_modules/yarn/lib/cli.js:133155:22)
      at Request.emit (events.js:180:13)
      at Request.<anonymous> (/usr/local/lib/node_modules/yarn/lib/cli.js:134138:10)
      at Request.emit (events.js:180:13)
      at IncomingMessage.<anonymous> (/usr/local/lib/node_modules/yarn/lib/cli.js:134058:12)
      at Object.onceWrapper (events.js:272:13)
      at IncomingMessage.emit (events.js:185:15)
      at endReadableNT (_stream_readable.js:1106:12)
      at process._tickCallback (internal/process/next_tick.js:178:19)

npm manifest: 
  {
    "name": "nhom09_1512267_1512460",
    "version": "1.0.0",
    "description": "",
    "main": "index.js",
    "scripts": {
      "test": "echo \"Error: no test specified\" && exit 1"
    },
    "author": "",
    "license": "ISC",
    "dependencies": {
      "bcrypt-nodejs": "0.0.3",
      "body-parser": "^1.18.3",
      "captchapng": "0.0.1",
      "csurf": "^1.9.0",
      "express": "^4.16.3",
      "express-handlebars": "^3.0.0",
      "express-handlebars-paginate": "^1.0.3",
      "express-session": "^1.15.6",
      "jsonwebtoken": "^8.3.0",
      "mongoose": "^5.1.7",
      "paypal-rest-sdk": "^1.8.1",
      "pg": "^7.4.3",
      "pg-hstore": "^2.3.2",
      "sequelize": "^4.38.0"
    }
  }

yarn manifest: 
  No manifest

Lockfile: 
  No lockfile
